app/build/intermediates/manifest_merge_blame_file/debug/manifest-merger-blame-debug-report.txt
1<?xml version="1.0" encoding="utf-8"?>
2<manifest xmlns:android="http://schemas.android.com/apk/res/android"
3    package="com.example.sditsattendance"
4    android:versionCode="1"
5    android:versionName="1.0" >
6
7    <uses-sdk
8        android:minSdkVersion="21"
8-->src\main\AndroidManifest.xml
9        android:targetSdkVersion="30" />
9-->src\main\AndroidManifest.xml
10
11    <uses-permission android:name="android.permission.CAMERA" />
11-->src\main\AndroidManifest.xml:5:5-65
11-->src\main\AndroidManifest.xml:5:22-62
12    <uses-permission android:name="android.permission.INTERNET" />
12-->src\main\AndroidManifest.xml:6:5-67
12-->src\main\AndroidManifest.xml:6:22-64
13
14    <application
14-->src\main\AndroidManifest.xml:8:5-38:19
15        android:allowBackup="false"
15-->src\main\AndroidManifest.xml:9:9-36
16        android:appComponentFactory="androidx.core.app.CoreComponentFactory"
16-->[androidx.core:core:1.3.2] AndroidManifest.xml:24:18-86
17        android:debuggable="true"
18        android:fullBackupContent="false"
18-->src\main\AndroidManifest.xml:10:9-42
19        android:icon="@mipmap/ic_launcher"
19-->src\main\AndroidManifest.xml:11:9-43
20        android:label="@string/app_name"
20-->src\main\AndroidManifest.xml:12:9-41
21        android:roundIcon="@mipmap/ic_launcher_round"
21-->src\main\AndroidManifest.xml:13:9-54
22        android:supportsRtl="true"
22-->src\main\AndroidManifest.xml:14:9-35
23        android:theme="@style/AppTheme"
23-->src\main\AndroidManifest.xml:15:9-40
24        android:usesCleartextTraffic="true" >
24-->src\main\AndroidManifest.xml:16:9-44
25        <activity android:name="com.example.sditsattendance.FindActivity" />
25-->src\main\AndroidManifest.xml:17:9-59
25-->src\main\AndroidManifest.xml:17:19-47
26        <activity
26-->src\main\AndroidManifest.xml:18:9-21:51
27            android:name="com.example.sditsattendance.ConfirmActivity"
27-->src\main\AndroidManifest.xml:19:13-44
28            android:screenOrientation="portrait"
28-->src\main\AndroidManifest.xml:20:13-49
29            android:theme="@style/ConfirmTheme" />
29-->src\main\AndroidManifest.xml:21:13-48
30        <activity android:name="com.example.sditsattendance.ListPesertaActivity" />
30-->src\main\AndroidManifest.xml:22:9-57
30-->src\main\AndroidManifest.xml:22:19-54
31        <activity
31-->src\main\AndroidManifest.xml:23:9-25:52
32            android:name="com.example.sditsattendance.ScanActivity"
32-->src\main\AndroidManifest.xml:24:13-41
33            android:screenOrientation="portrait" />
33-->src\main\AndroidManifest.xml:25:13-49
34        <activity
34-->src\main\AndroidManifest.xml:26:9-34:20
35            android:name="com.example.sditsattendance.WelcomeActivity"
35-->src\main\AndroidManifest.xml:27:13-44
36            android:screenOrientation="portrait" >
36-->src\main\AndroidManifest.xml:28:13-49
37            <intent-filter>
37-->src\main\AndroidManifest.xml:29:13-33:29
38                <action android:name="android.intent.action.MAIN" />
38-->src\main\AndroidManifest.xml:30:17-69
38-->src\main\AndroidManifest.xml:30:25-66
39
40                <category android:name="android.intent.category.LAUNCHER" />
40-->src\main\AndroidManifest.xml:32:17-77
40-->src\main\AndroidManifest.xml:32:27-74
41            </intent-filter>
42        </activity>
43        <activity
43-->src\main\AndroidManifest.xml:35:9-37:52
44            android:name="com.example.sditsattendance.MainActivity"
44-->src\main\AndroidManifest.xml:36:13-41
45            android:screenOrientation="portrait" />
45-->src\main\AndroidManifest.xml:37:13-49
46    </application>
47
48</manifest>